
                         MODELLER 9.17, 2016/07/02, r10881

     PROTEIN STRUCTURE MODELLING BY SATISFACTION OF SPATIAL RESTRAINTS


                     Copyright(c) 1989-2016 Andrej Sali
                            All Rights Reserved

                             Written by A. Sali
                               with help from
              B. Webb, M.S. Madhusudhan, M-Y. Shen, G.Q. Dong,
          M.A. Marti-Renom, N. Eswar, F. Alber, M. Topf, B. Oliva,
             A. Fiser, R. Sanchez, B. Yerkovich, A. Badretdinov,
                     F. Melo, J.P. Overington, E. Feyfant
                 University of California, San Francisco, USA
                    Rockefeller University, New York, USA
                      Harvard University, Cambridge, USA
                   Imperial Cancer Research Fund, London, UK
              Birkbeck College, University of London, London, UK


Kind, OS, HostName, Kernel, Processor: 4, Linux pro 3.16.0-30-generic x86_64
Date and time of compilation         : 2016/07/01 22:20:55
MODELLER executable type             : x86_64-intel8
Job starting time (YY/MM/DD HH:MM:SS): 2018/01/02 16:18:11

openf___224_> Open           $(LIB)/restyp.lib
openf___224_> Open           ${MODINSTALL9v17}/modlib/resgrp.lib
rdresgr_266_> Number of residue groups:        2
openf___224_> Open           ${MODINSTALL9v17}/modlib/sstruc.lib

Dynamically allocated memory at   amaxlibraries [B,KiB,MiB]:       191566     187.076     0.183

Dynamically allocated memory at   amaxlibraries [B,KiB,MiB]:       192094     187.592     0.183
openf___224_> Open           ${MODINSTALL9v17}/modlib/resdih.lib

Dynamically allocated memory at   amaxlibraries [B,KiB,MiB]:       240694     235.053     0.230
rdrdih__263_> Number of dihedral angle types         :        9
              Maximal number of dihedral angle optima:        3
              Dihedral angle names                   :  Alph Phi Psi Omeg chi1 chi2 chi3 chi4 chi5
openf___224_> Open           ${MODINSTALL9v17}/modlib/radii.lib

Dynamically allocated memory at   amaxlibraries [B,KiB,MiB]:       253994     248.041     0.242
openf___224_> Open           ${MODINSTALL9v17}/modlib/radii14.lib
openf___224_> Open           ${MODINSTALL9v17}/modlib/af_mnchdef.lib
rdwilmo_274_> Mainchain residue conformation classes:  APBLE
openf___224_> Open           ${MODINSTALL9v17}/modlib/mnch.lib
rdclass_257_> Number of classes:        5
openf___224_> Open           ${MODINSTALL9v17}/modlib/mnch1.lib
openf___224_> Open           ${MODINSTALL9v17}/modlib/mnch2.lib
openf___224_> Open           ${MODINSTALL9v17}/modlib/mnch3.lib
openf___224_> Open           ${MODINSTALL9v17}/modlib/xs4.mat
rdrrwgh_268_> Number of residue types:       21
openf___224_> Open           pdball.pir
readlinef__W> File: pdball.pir, Line: 3006
              Modeller will only read the first 4096 characters of this line.

readlinef__W> File: pdball.pir, Line: 3015
              Modeller will only read the first 4096 characters of this line.

readlinef__W> File: pdball.pir, Line: 3026
              Modeller will only read the first 4096 characters of this line.

readlinef__W> File: pdball.pir, Line: 3036
              Modeller will only read the first 4096 characters of this line.

readlinef__W> File: pdball.pir, Line: 3045
              Modeller will only read the first 4096 characters of this line.

readlinef__W> File: pdball.pir, Line: 3051
              No more warnings will be printed for truncated lines in this file.


Dynamically allocated memory at amaxsequence_db [B,KiB,MiB]:      1461884    1427.621     1.394

Dynamically allocated memory at amaxsequence_db [B,KiB,MiB]:     17459987   17050.770    16.651

Dynamically allocated memory at   amaxalignment [B,KiB,MiB]:     17461829   17052.566    16.653

Dynamically allocated memory at   amaxalignment [B,KiB,MiB]:     17463279   17053.984    16.654

Dynamically allocated memory at   amaxalignment [B,KiB,MiB]:     17466179   17056.816    16.657

Dynamically allocated memory at amaxsequence_db [B,KiB,MiB]:     77836578   76012.281    74.231

Dynamically allocated memory at   amaxalignment [B,KiB,MiB]:     77842378   76017.945    74.236

Dynamically allocated memory at   amaxalignment [B,KiB,MiB]:     77853978   76029.273    74.247

Dynamically allocated memory at   amaxalignment [B,KiB,MiB]:     77877178   76051.930    74.269

Dynamically allocated memory at   amaxalignment [B,KiB,MiB]:     77923578   76097.242    74.314

Dynamically allocated memory at   amaxalignment [B,KiB,MiB]:     78016378   76187.867    74.402

Dynamically allocated memory at amaxsequence_db [B,KiB,MiB]:    108201578  105665.602   103.189

SEQ_DATABASE_FILE         : pdball.pir
SEQ_DATABASE_FORMAT       : PIR
CHAINS_LIST               : ALL
CLEAN_SEQUENCES           :            T
MINMAX_DB_SEQ_LEN         :           30        4000
Number of sequences       :       301852
Number of residues        :     77539723
Length of longest sequence:         3725


SEQ_DATABASE_FILE         : pdball.bin
SEQ_DATABASE_FORMAT       : BINARY
SEARCH_CHAINS_LIST        : ALL
Number of sequences       :       301852
Number of residues        :     77539723
Length of longest sequence:         3725


SEQ_DATABASE_FILE         : pdball.bin
SEQ_DATABASE_FORMAT       : BINARY
CHAINS_LIST               : ALL
CLEAN_SEQUENCES           :            T
MINMAX_DB_SEQ_LEN         :            0      999999
Number of sequences       :       301852
Number of residues        :     77539723
Length of longest sequence:         3725

openf___224_> Open           Q75760_gp120.ali

Dynamically allocated memory at   amaxalignment [B,KiB,MiB]:      1463804    1429.496     1.396

Dynamically allocated memory at   amaxalignment [B,KiB,MiB]:      1465254    1430.912     1.397

Dynamically allocated memory at   amaxalignment [B,KiB,MiB]:      1468154    1433.744     1.400

Dynamically allocated memory at   amaxalignment [B,KiB,MiB]:      1473954    1439.408     1.406

Dynamically allocated memory at   amaxalignment [B,KiB,MiB]:      1485554    1450.736     1.417

Dynamically allocated memory at    amaxsequence [B,KiB,MiB]:      1487430    1452.568     1.419

Read the alignment from file       : Q75760_gp120.ali
Total number of alignment positions:   470

  #  Code        #_Res #_Segm PDB_code    Name
-------------------------------------------------------------------------------
  1  Q75760_gp     470      1 Q75760_gp12

Dynamically allocated memory at     amaxprofile [B,KiB,MiB]:      1489635    1454.722     1.421
openf___224_> Open           ${LIB}/blosum62.sim.mat
rdrrwgh_268_> Number of residue types:       21

Dynamically allocated memory at amaxsequence_db [B,KiB,MiB]:      1786923    1745.042     1.704
profile_iteration_> processing sequence:       1    470      1     0.0200000     0.0200000     0.0200000     1

Dynamically allocated memory at amaxsequence_db [B,KiB,MiB]:      1829426    1786.549     1.745

Dynamically allocated memory at amaxsequence_db [B,KiB,MiB]:      1838751    1795.655     1.754

Dynamically allocated memory at amaxsequence_db [B,KiB,MiB]:      1839987    1796.862     1.755

Dynamically allocated memory at amaxsequence_db [B,KiB,MiB]:      1852768    1809.344     1.767

Dynamically allocated memory at amaxsequence_db [B,KiB,MiB]:      1854996    1811.520     1.769
profile_iteration_> processing sequence:   30186    470      1    40.8800011     0.0013543     0.0000052   738
profile_iteration_> processing sequence:   60371    470      1    80.3499985     0.0013309     0.0000052   751
profile_iteration_> processing sequence:   90556    470      1   121.0299988     0.0013365     0.0000052   748
profile_iteration_> processing sequence:  120741    470      1   160.5700073     0.0013299     0.0000051   752
profile_iteration_> processing sequence:  150926    470      1   198.9100037     0.0013179     0.0000051   759
profile_iteration_> processing sequence:  181111    470      1   236.7400055     0.0013072     0.0000051   765
profile_iteration_> processing sequence:  211296    470      1   276.3099976     0.0013077     0.0000051   765

Dynamically allocated memory at amaxsequence_db [B,KiB,MiB]:      1871073    1827.220     1.784
profile_iteration_> processing sequence:  241481    470      1   316.8699951     0.0013122     0.0000051   762
profile_iteration_> processing sequence:  271666    470      1   358.3299866     0.0013190     0.0000051   758
profile_iteration_> processing sequence:  301851    470      1   400.1700134     0.0013257     0.0000052   754
 AVERAGE RESIDUAL STANDARD ERROR:    51.59031
 AVERAGE RESIDUAL STANDARD DEVIATION:    241.2812
profile_660_> Quality of the fit between observed/expected score distributions.
              [Iteration, Chi2, nbins, KS-Stat, nscores ] =        1,        0.0646,      121,        0.0163,   301852

HISTOGRAM OF Z-SCORES:

Z:         1  -3.95000   0.00000   0.00000
Z:         1  -3.85000   0.00000   0.00000
Z:         1  -3.75000   0.00000   0.00000
Z:         1  -3.65000   0.00000   0.00000
Z:         1  -3.55000   0.00000   0.00000
Z:         1  -3.45000   0.00000   0.00000
Z:         1  -3.35000   0.00000   0.00000
Z:         1  -3.25000   0.00003   0.00000
Z:         1  -3.15000   0.00000   0.00000
Z:         1  -3.05000   0.00000   0.00000
Z:         1  -2.95000   0.00000   0.00000
Z:         1  -2.85000   0.00000   0.00000
Z:         1  -2.75000   0.00000   0.00000
Z:         1  -2.65000   0.00000   0.00000
Z:         1  -2.55000   0.00000   0.00001
Z:         1  -2.45000   0.00010   0.00004
Z:         1  -2.35000   0.00010   0.00016
Z:         1  -2.25000   0.00053   0.00055
Z:         1  -2.15000   0.00351   0.00163
Z:         1  -2.05000   0.00431   0.00416
Z:         1  -1.95000   0.01136   0.00933
Z:         1  -1.85000   0.02114   0.01872
Z:         1  -1.75000   0.03071   0.03400
Z:         1  -1.65000   0.07885   0.05658
Z:         1  -1.55000   0.10449   0.08721
Z:         1  -1.45000   0.10137   0.12565
Z:         1  -1.35000   0.19334   0.17059
Z:         1  -1.25000   0.20030   0.21981
Z:         1  -1.15000   0.28683   0.27052
Z:         1  -1.05000   0.32234   0.31973
Z:         1  -0.95000   0.37204   0.36469
Z:         1  -0.85000   0.35541   0.40316
Z:         1  -0.75000   0.42978   0.43360
Z:         1  -0.65000   0.39543   0.45519
Z:         1  -0.55000   0.45095   0.46779
Z:         1  -0.45000   0.43114   0.47182
Z:         1  -0.35000   0.48524   0.46811
Z:         1  -0.25000   0.41683   0.45775
Z:         1  -0.15000   0.47868   0.44196
Z:         1  -0.05000   0.45936   0.42194
Z:         1   0.05000   0.42600   0.39889
Z:         1   0.15000   0.38244   0.37383
Z:         1   0.25000   0.34921   0.34769
Z:         1   0.35000   0.29975   0.32121
Z:         1   0.45000   0.33318   0.29500
Z:         1   0.55000   0.24065   0.26953
Z:         1   0.65000   0.23011   0.24513
Z:         1   0.75000   0.21116   0.22205
Z:         1   0.85000   0.21623   0.20043
Z:         1   0.95000   0.17161   0.18036
Z:         1   1.05000   0.15812   0.16185
Z:         1   1.15000   0.14931   0.14489
Z:         1   1.25000   0.12877   0.12944
Z:         1   1.35000   0.11698   0.11542
Z:         1   1.45000   0.09147   0.10275
Z:         1   1.55000   0.15465   0.09133
Z:         1   1.65000   0.08024   0.08109
Z:         1   1.75000   0.07149   0.07191
Z:         1   1.85000   0.05907   0.06371
Z:         1   1.95000   0.05536   0.05639
Z:         1   2.05000   0.04973   0.04988
Z:         1   2.15000   0.04665   0.04409
Z:         1   2.25000   0.04857   0.03895
Z:         1   2.35000   0.02654   0.03439
Z:         1   2.45000   0.02213   0.03035
Z:         1   2.55000   0.02445   0.02678
Z:         1   2.65000   0.02597   0.02361
Z:         1   2.75000   0.02683   0.02082
Z:         1   2.85000   0.01941   0.01835
Z:         1   2.95000   0.01507   0.01617
Z:         1   3.05000   0.01067   0.01424
Z:         1   3.15000   0.01199   0.01255
Z:         1   3.25000   0.01083   0.01105
Z:         1   3.35000   0.01289   0.00973
Z:         1   3.45000   0.00659   0.00857
Z:         1   3.55000   0.01027   0.00754
Z:         1   3.65000   0.00573   0.00664
Z:         1   3.75000   0.00782   0.00584
Z:         1   3.85000   0.00732   0.00514
Z:         1   3.95000   0.00351   0.00453
Z:         1   4.05000   0.00477   0.00398
Z:         1   4.15000   0.00620   0.00350
Z:         1   4.25000   0.00444   0.00308
Z:         1   4.35000   0.00494   0.00271
Z:         1   4.45000   0.00255   0.00239
Z:         1   4.55000   0.00371   0.00210
Z:         1   4.65000   0.00089   0.00185
Z:         1   4.75000   0.00060   0.00163
Z:         1   4.85000   0.00255   0.00143
Z:         1   4.95000   0.00096   0.00126
Z:         1   5.05000   0.00096   0.00111
Z:         1   5.15000   0.00033   0.00097
Z:         1   5.25000   0.00056   0.00086
Z:         1   5.35000   0.00023   0.00075
Z:         1   5.45000   0.00020   0.00066
Z:         1   5.55000   0.00030   0.00058
Z:         1   5.65000   0.00096   0.00051
Z:         1   5.75000   0.00136   0.00045
Z:         1   5.85000   0.00010   0.00040
Z:         1   5.95000   0.00053   0.00035
Z:         1   6.05000   0.00050   0.00031
Z:         1   6.15000   0.00003   0.00027
Z:         1   6.25000   0.00046   0.00024
Z:         1   6.35000   0.00023   0.00021
Z:         1   6.45000   0.00017   0.00018
Z:         1   6.55000   0.00003   0.00016
Z:         1   6.65000   0.00000   0.00014
Z:         1   6.75000   0.00000   0.00013
Z:         1   6.85000   0.00000   0.00011
Z:         1   6.95000   0.00000   0.00010
Z:         1   7.05000   0.00000   0.00009
Z:         1   7.15000   0.00000   0.00007
Z:         1   7.25000   0.00000   0.00007
Z:         1   7.35000   0.00000   0.00006
Z:         1   7.45000   0.00000   0.00005
Z:         1   7.55000   0.00000   0.00004
Z:         1   7.65000   0.00007   0.00004
Z:         1   7.75000   0.00000   0.00003
Z:         1   7.85000   0.00007   0.00003
Z:         1   7.95000   0.00000   0.00003
Z:         1   8.05000   0.00000   0.00002

HITS FOUND IN ITERATION:     1


Dynamically allocated memory at     amaxprofile [B,KiB,MiB]:      2264073    2211.009     2.159
> 2b4cG                      1   15203   86050     339     470   98.23     0.0           2   339    51   451     1   339
> 2bf1A                      1   18679   16900     304     470   37.25     0.0           3   290    55   448     7   304
> 5c7kC                      1   29259   94350     450     470   78.70     0.0           4   445     1   463     5   450
> 5cayG                      1   30415   19450     311     470   38.44     0.0           5   298    41   450     4   310
> 5cd5A                      1   31966   67200     343     470   77.55     0.0           6   343    11   451     1   343
> 1ce4A                      1   32021    9800      35     470  100.00     0.0           7    35   261   295     1    35
> 5cezG                      1   32359   94850     452     470   78.62     0.0           8   448     1   465     3   451
> 5cjxG                      1   34296   81200     398     470   79.85     0.0           9   396     1   464     2   398
> 5cjxK                      1   34299   83800     405     470   80.69     0.0          10   403     1   464     2   405
> 5cjxY                      1   34302   81300     397     470   80.56     0.0          11   395     1   464     2   397
> 5d9qG                      1   43947   94500     448     470   78.70     0.0          12   445     1   462     3   448
> 5d9qA                      1   43952   94500     448     470   78.70     0.0          13   445     1   462     3   448
> 5d9qJ                      1   43957   94500     448     470   78.70     0.0          14   445     1   462     3   448
> 4dkoA                      1   47670   67500     339     470   78.47     0.0          15   339    11   451     1   339
> 4dkoC                      1   47671   67500     339     470   78.47     0.0          16   339    11   451     1   339
> 4dkpA                      1   47673   67500     339     470   78.47     0.0          17   339    11   451     1   339
> 4dkpC                      1   47674   67500     339     470   78.47     0.0          18   339    11   451     1   339
> 4dkqA                      1   47675   67500     339     470   78.47     0.0          19   339    11   451     1   339
> 4dkrA                      1   47676   67500     339     470   78.47     0.0          20   339    11   451     1   339
> 4dkrC                      1   47677   67500     339     470   78.47     0.0          21   339    11   451     1   339
> 4dkuA                      1   47711   67500     339     470   78.47     0.0          22   339    11   451     1   339
> 4dkuB                      1   47712   67500     339     470   78.47     0.0          23   339    11   451     1   339
> 4dkvA                      1   47713   67500     339     470   78.47     0.0          24   339    11   451     1   339
> 4dkvB                      1   47714   67500     339     470   78.47     0.0          25   339    11   451     1   339
> 4dqoC                      1   49818    4750      88     470   55.00    0.41E-02      26    40   113   164    10    49
> 4dvrG                      1   51913   62100     288     470   89.58     0.0          27   287    57   451     1   288
> 4dvsA                      1   51916   67500     339     470   78.47     0.0          28   339    11   451     1   339
> 4dvsB                      1   51917   67500     339     470   78.47     0.0          29   339    11   451     1   339
> 4dvtA                      1   51918   67500     339     470   78.47     0.0          30   339    11   451     1   339
> 4dvtB                      1   51919   67500     339     470   78.47     0.0          31   339    11   451     1   339
> 4dvvA                      1   51920   67500     339     470   78.47     0.0          32   339    11   451     1   339
> 4dvvB                      1   51921   67500     339     470   78.47     0.0          33   339    11   451     1   339
> 4dvwA                      1   51922   67500     339     470   78.47     0.0          34   339    11   451     1   339
> 4dvwB                      1   51923   67500     339     470   78.47     0.0          35   339    11   451     1   339
> 4dvxA                      1   51924   67500     339     470   78.47     0.0          36   339    11   451     1   339
> 4dvxB                      1   51925   67500     339     470   78.47     0.0          37   339    11   451     1   339
> 5esvE                      1   64390    9650     176     470   64.41     0.0          38    59    93   162    16    74
> 5esvF                      1   64391    9100     179     470   60.32     0.0          39    63    93   169    15    77
> 5esvG                      1   64392    9450     187     470   63.33     0.0          40    60    93   163    16    75
> 5eszC                      1   64397    6750     163     470   75.00    0.20E-06      41    44    93   159    13    56
> 5eszG                      1   64398    7800     142     470   64.81    0.64E-09      42    54    93   165    13    66
> 5f4lA                      1   68683   64550     336     470   77.31     0.0          43   334    17   450     2   336
> 5f4lB                      1   68684   64350     335     470   77.25     0.0          44   333    17   449     2   335
> 5f4pD                      1   68685   64350     335     470   77.25     0.0          45   333    17   449     2   335
> 5f4pA                      1   68686   64350     335     470   77.25     0.0          46   333    17   449     2   335
> 5f4rA                      1   68687   64350     335     470   77.25     0.0          47   333    17   449     2   335
> 5f4rC                      1   68688   64350     335     470   77.25     0.0          48   333    17   449     2   335
> 5f4uA                      1   68689   64350     335     470   77.25     0.0          49   333    17   449     2   335
> 5f4uB                      1   68690   64550     336     470   77.31     0.0          50   334    17   450     2   336
> 5f6jG                      1   69432   65100     336     470   78.57     0.0          51   336    11   451     1   336
> 5f6jE                      1   69433   65100     336     470   78.57     0.0          52   336    11   451     1   336
> 5f96G                      1   70587   66450     339     470   77.88     0.0          53   339    11   451     1   339
> 5f9oG                      1   70602   66300     341     470   77.13     0.0          54   341    11   450     1   341
> 5f9wA                      1   70605   66800     342     470   77.19     0.0          55   342    12   450     1   342
> 5f9wG                      1   70608   66850     343     470   76.97     0.0          56   343    12   450     1   343
> 5fa2A                      1   71019   64750     336     470   77.08     0.0          57   336    14   451     1   336
> 5fa2B                      1   71020   64750     336     470   77.08     0.0          58   336    14   450     1   336
> 5fcuG                      1   71793   16650     104     470   85.87     0.0          59    92    12   217     1    92
> 5fecC                      1   72498   65750     338     470   77.81     0.0          60   338    11   450     1   338
> 5fecD                      1   72499   65400     337     470   77.74     0.0          61   337    11   450     1   337
> 5fecG                      1   72500   65600     338     470   77.51     0.0          62   338    12   451     1   338
> 5fecI                      1   72501   62550     329     470   77.20     0.0          63   329    14   449     1   329
> 3fusA                      1   78518   16900     304     470   37.25     0.0          64   290    55   448     7   304
> 5fykG                      1   79946  117750     451     470   98.88     0.0          65   448     1   467     4   451
> 5fyjG                      1   80036   92050     479     470   72.90     0.0          66   465     1   469     4   479
> 5fylG                      1   80046   95000     453     470   78.44     0.0          67   449     1   464     4   453
> 1g9mG                      1   83643   64650     305     470   87.87     0.0          68   304    50   451     1   305
> 1g9nG                      1   83647   64900     306     470   87.58     0.0          69   305    53   451     1   306
> 1gc1G                      1   84500   63000     297     470   87.88     0.0          70   296    57   451     1   297
> 4h8wG                      1   96252   66500     337     470   78.64     0.0          71   337    11   451     1   337
> 3hi1G                      1  100014   62300     289     470   88.93     0.0          72   288    57   451     1   289
> 3hi1J                      1  100017   62300     289     470   88.93     0.0          73   288    57   451     1   289
> 4i3rG                      1  108165   29400     190     470   64.74     0.0          74   188   217   440     1   190
> 4i3sG                      1  108168   27600     180     470   65.00     0.0          75   180   217   436     1   180
> 2i5yG                      1  108951   64150     302     470   88.04     0.0          76   300    50   451     2   302
> 2i5yP                      1  108954   64000     300     470   88.63     0.0          77   298    50   451     2   300
> 4i53A                      1  109151   64550     336     470   77.31     0.0          78   334    17   450     2   336
> 4i53B                      1  109152   64350     335     470   77.25     0.0          79   333    17   449     2   335
> 4i54A                      1  109153   67500     339     470   78.47     0.0          80   339    11   451     1   339
> 4i54B                      1  109154   67500     339     470   78.47     0.0          81   339    11   451     1   339
> 2i60G                      1  109314   64150     301     470   88.04     0.0          82   300    50   451     1   301
> 2i60P                      1  109317   64000     300     470   88.63     0.0          83   298    50   451     2   300
> 5i8hA                      1  110190   95200     455     470   78.49     0.0          84   450     1   465     4   454
> 5i8hC                      1  110192   94300     450     470   78.52     0.0          85   446     1   464     4   450
> 5i9qA                      1  110606   65350     340     470   76.76     0.0          86   340    12   447     1   340
> 5i9qG                      1  110607   65750     339     470   77.29     0.0          87   339    11   451     1   339
> 3idxG                      1  112122   62100     306     470   85.62     0.0          88   305    50   451     1   306
> 3idyG                      1  112125   62100     306     470   85.62     0.0          89   305    50   451     1   306
> 3idyA                      1  112128   62100     303     470   86.47     0.0          90   302    50   451     1   303
> 5idlA                      1  112271   17850     162     470   75.23     0.0          91   109   219   358    52   160
> 5iesC                      1  112563   19300     167     470   75.89     0.0          92   112   219   358    55   166
> 5if0G                      1  112855   19300     169     470   75.89     0.0          93   112   219   358    57   168
> 5if0I                      1  112857   19300     169     470   75.89     0.0          94   112   219   358    57   168
> 5igxG                      1  113258   65400     334     470   78.44     0.0          95   334    11   450     1   334
> 4j6rG                      1  122423   65850     343     470   76.68     0.0          96   343    11   451     1   343
> 4janG                      1  123621   26100     160     470   72.50     0.0          97   160   220   431     1   160
> 4janI                      1  123624   24950     156     470   71.79     0.0          98   156   221   431     1   156
> 4jb9G                      1  123922   67750     344     470   77.33     0.0          99   344    11   451     1   344
> 4jdtG                      1  124656   65800     336     470   77.38     0.0         100   336    11   450     1   336
> 4jkpG                      1  127093   66300     340     470   77.35     0.0         101   340    11   451     1   340
> 4jm2E                      1  127616   79200     315     470   99.37     0.0         102   315    56   450     1   315
> 4jpjA                      1  128309   20350     170     470   76.79     0.0         103   112   219   358    57   168
> 4jpjB                      1  128310   19000     169     470   74.34     0.0         104   113   219   362    57   169
> 4jpjC                      1  128311   17800     157     470   68.55     0.0         105   124   194   362    32   155
> 4jpjD                      1  128312   19350     162     470   74.56     0.0         106   114   219   362    47   160
> 4jpkA                      1  128315   19600     169     470   76.79     0.0         107   112   219   358    57   168
> 4jpvG                      1  128322   67150     342     470   77.78     0.0         108   342    11   451     1   342
> 4jpwG                      1  128325   68050     345     470   77.39     0.0         109   345    11   451     1   345
> 5js9C                      1  129542   94350     447     470   78.70     0.0         110   445     1   463     2   447
> 5jsaC                      1  129548   94350     447     470   78.70     0.0         111   445     1   463     2   447
> 3jwdA                      1  130878   78850     360     470   89.64     0.0         112   356     1   460     4   360
> 3jwdB                      1  130882   76900     354     470   89.17     0.0         113   350     1   458     4   354
> 3jwoA                      1  130886   77800     353     470   89.52     0.0         114   352     1   456     1   353
> 4jzwA                      1  131926   75200     336     470   90.77     0.0         115   335    11   451     1   336
> 4jzwG                      1  131927   75500     339     470   90.27     0.0         116   338    11   451     1   339
> 4jzzA                      1  131928   75250     336     470   90.77     0.0         117   335    11   451     1   336
> 4k0aA                      1  132209   75350     337     470   90.50     0.0         118   336    11   451     1   337
> 4ka2A                      1  135610   75600     337     470   90.80     0.0         119   336    11   451     1   337
> 5kjrG                      1  138670   64600     332     470   77.41     0.0         120   332    11   451     1   332
> 5kzcA                      1  144194   19700     170     470   71.32     0.0         121   128   200   358    40   168
> 5kzcC                      1  144197   19700     170     470   71.32     0.0         122   128   200   358    39   167
> 5kzcF                      1  144200   19650     156     470   78.76     0.0         123   112   219   358    43   155
> 4lajJ                      1  148753   75600     337     470   90.80     0.0         124   336    11   451     1   337
> 4lajF                      1  148754   75100     334     470   91.32     0.0         125   333    11   451     1   334
> 4lajA                      1  148755   76300     343     470   90.38     0.0         126   342    11   451     1   343
> 4lajB                      1  148756   75750     341     470   89.74     0.0         127   340    11   451     1   341
> 3lqaG                      1  154157   53350     290     470   77.59     0.0         128   287    53   450     1   290
> 4lsqG                      1  154852   67550     344     470   77.62     0.0         129   344    11   451     1   344
> 4lsrG                      1  154855   65700     345     470   76.23     0.0         130   342    11   450     1   345
> 4lssG                      1  154858   65950     335     470   79.40     0.0         131   335    11   451     1   335
> 4lstG                      1  154861   66450     339     470   78.76     0.0         132   339    11   451     1   339
> 4lsuG                      1  154864   67300     346     470   76.88     0.0         133   344    11   451     1   346
> 4lsvG                      1  154867   66300     343     470   76.97     0.0         134   342    11   451     1   343
> 4lspG                      1  154872   67650     347     470   76.95     0.0         135   345    11   451     1   347
> 4ncoA                      1  171790   87600     420     470   77.86     0.0         136   419    11   452     1   420
> 4ncoE                      1  171793   87600     420     470   77.86     0.0         137   419    11   452     1   420
> 4ncoI                      1  171796   87600     420     470   77.86     0.0         138   419    11   452     1   420
> 3ngbG                      1  172839   67650     347     470   76.95     0.0         139   345    11   451     1   347
> 3ngbA                      1  172842   67700     349     470   76.50     0.0         140   347    11   451     1   349
> 3ngbD                      1  172845   67850     350     470   76.86     0.0         141   348    11   451     1   350
> 3ngbI                      1  172848   67650     349     470   76.50     0.0         142   347    11   451     1   349
> 2nxyA                      1  178028   64250     304     470   87.50     0.0         143   303    50   450     1   304
> 2nxzA                      1  178032   64000     306     470   87.25     0.0         144   305    50   450     1   306
> 2ny0A                      1  178298   62800     306     470   86.27     0.0         145   305    50   450     1   306
> 2ny1A                      1  178302   63300     305     470   86.23     0.0         146   304    50   451     1   305
> 2ny2A                      1  178306   62950     304     470   86.18     0.0         147   303    50   450     1   304
> 2ny3A                      1  178310   62850     305     470   86.56     0.0         148   304    50   450     1   305
> 2ny4A                      1  178314   63150     306     470   86.60     0.0         149   305    50   450     1   306
> 2ny5G                      1  178318   61850     304     470   85.20     0.0         150   303    50   450     1   304
> 2ny6A                      1  178322   61350     304     470   84.87     0.0         151   303    50   450     1   304
> 2ny7G                      1  178326   57650     290     470   84.83     0.0         152   289    50   451     1   290
> 4oluG                      1  185588   66900     342     470   77.49     0.0         153   342    11   451     1   342
> 4olvG                      1  185591   66900     342     470   77.49     0.0         154   342    11   451     1   342
> 4olwG                      1  185594   66900     342     470   77.49     0.0         155   342    11   451     1   342
> 4olxG                      1  185597   66900     342     470   77.49     0.0         156   342    11   451     1   342
> 4olyG                      1  185600   66900     342     470   77.49     0.0         157   342    11   451     1   342
> 4olzG                      1  185603   66900     342     470   77.49     0.0         158   342    11   451     1   342
> 4om0G                      1  185864   66900     342     470   77.49     0.0         159   342    11   451     1   342
> 4om1G                      1  185867   67450     344     470   77.03     0.0         160   344    11   451     1   344
> 4p9hG                      1  193406   65350     338     470   76.92     0.0         161   338    11   450     1   338
> 2qadA                      1  205974   70600     319     470   88.09     0.0         162   318    57   451     1   319
> 2qadE                      1  205978   69950     312     470   89.74     0.0         163   311    57   451     1   312
> 4r2gE                      1  216221   67500     303     470   90.73     0.0         164   301    60   450     2   303
> 4r2gO                      1  216234   67500     303     470   90.73     0.0         165   301    60   450     2   303
> 4r2gA                      1  216235   67250     302     470   90.70     0.0         166   300    60   450     2   302
> 4r2gK                      1  216236   67500     303     470   90.73     0.0         167   301    60   450     2   303
> 4r4fA                      1  216817   75850     340     470   89.71     0.0         168   339    12   451     1   340
> 4r4hA                      1  216821   73000     337     470   87.54     0.0         169   335    14   447     1   337
> 4r4nA                      1  216829   66600     333     470   80.42     0.0         170   332    17   451     2   333
> 4r4nB                      1  216830   68250     342     470   79.24     0.0         171   342    12   451     1   342
> 4r4nI                      1  216832   67700     341     470   79.18     0.0         172   341    14   451     1   341
> 4r4nE                      1  216836   65950     329     470   80.79     0.0         173   328    17   451     2   329
> 4r4nM                      1  216841   67400     339     470   79.59     0.0         174   338    17   451     2   339
> 4r4nP                      1  216844   67150     338     470   79.53     0.0         175   337    17   451     2   338
> 4r4nS                      1  216847   67400     339     470   79.59     0.0         176   338    17   451     2   339
> 4r4nV                      1  216850   67150     338     470   79.53     0.0         177   337    17   451     2   338
> 4rfnG                      1  220486   66050     337     470   78.04     0.0         178   337    11   451     1   337
> 4rfnA                      1  220489   66050     337     470   78.04     0.0         179   337    11   451     1   337
> 4rfoG                      1  220492   66550     336     470   77.98     0.0         180   336    11   451     1   336
> 3rjqA                      1  221811   52900     292     470   78.08     0.0         181   292    12   450     1   292
> 4rqsG                      1  223615   63050     295     470   88.81     0.0         182   294    53   450     1   295
> 4rwyA                      1  225275   75600     337     470   90.50     0.0         183   336    11   451     1   337
> 4rx4G                      1  225494   66200     325     470   82.46     0.0         184   325    12   451     1   325
> 4rx4E                      1  225497   64700     320     470   83.12     0.0         185   320    11   451     1   320
> 1rzjG                      1  225853   64650     305     470   87.87     0.0         186   304    50   451     1   305
> 1rzkG                      1  225857   64900     306     470   87.58     0.0         187   305    53   451     1   306
> 4rz8A                      1  226007   67500     339     470   78.47     0.0         188   339    11   451     1   339
> 4rz8B                      1  226008   66900     334     470   79.04     0.0         189   334    11   451     1   334
> 4rz8C                      1  226009   67500     339     470   78.47     0.0         190   339    11   451     1   339
> 4rz8D                      1  226010   67500     339     470   78.47     0.0         191   339    11   451     1   339
> 4s1qG                      1  226522   67750     344     470   77.33     0.0         192   344    11   451     1   344
> 4s1rG                      1  226525   66900     342     470   77.49     0.0         193   342    11   451     1   342
> 4s1sG                      1  226528   66900     342     470   77.49     0.0         194   342    11   451     1   342
> 3se8G                      1  228654   67750     344     470   77.33     0.0         195   344    11   451     1   344
> 3se9G                      1  228657   67250     344     470   77.33     0.0         196   344    11   451     1   344
> 5t33G                      1  233112   68400     319     470   88.09     0.0         197   319    12   451     1   319
> 5t3sG                      1  233116   90650     442     470   77.95     0.0         198   439     1   465     3   442
> 5t3xG                      1  233141   94600     449     470   78.35     0.0         199   447     1   464     2   449
> 5t3zG                      1  233147   94550     450     470   78.52     0.0         200   446     1   464     4   450

Dynamically allocated memory at     amaxprofile [B,KiB,MiB]:      2657073    2594.798     2.534
> 5te6G                      1  235425   67150     341     470   78.01     0.0         201   341    11   451     1   341
> 5te7G                      1  235430   66150     336     470   79.76     0.0         202   336    12   450     1   336
> 5te4G                      1  235431   59900     341     470   72.14     0.0         203   333    12   450     1   341
> 3tgqA                      1  235747   75400     336     470   90.77     0.0         204   335    12   451     1   336
> 3tgqB                      1  235748   75400     336     470   90.77     0.0         205   335    12   451     1   336
> 3tgqC                      1  235749   75400     336     470   90.77     0.0         206   335    12   451     1   336
> 3tgqD                      1  235750   75400     336     470   90.77     0.0         207   335    12   451     1   336
> 3tgrA                      1  235751   67200     346     470   77.17     0.0         208   345    11   451     1   346
> 3tgrB                      1  235752   67200     346     470   77.17     0.0         209   345    11   451     1   346
> 3tgsA                      1  235753   67050     345     470   77.39     0.0         210   344    11   451     1   345
> 3tgsB                      1  235754   67050     345     470   77.39     0.0         211   344    11   451     1   345
> 3tgtA                      1  235755   67350     342     470   77.49     0.0         212   342    11   451     1   342
> 3tihA                      1  236249   62650     326     470   77.91     0.0         213   326    11   451     1   326
> 3tihB                      1  236250   62650     326     470   77.91     0.0         214   326    11   451     1   326
> 3tihC                      1  236251   62650     326     470   77.91     0.0         215   326    11   451     1   326
> 3tihD                      1  236252   62650     326     470   77.91     0.0         216   326    11   451     1   326
> 4tvpG                      1  240318   95000     453     470   78.44     0.0         217   449     1   464     4   453
> 3tygA                      1  241099   26850     165     470   84.38     0.0         218   127   219   358    37   164
> 3u2sG                      1  242309    5050      90     470   56.10    0.85E-03     219    41   113   164     9    49
> 3u2sC                      1  242312    5050      90     470   56.10    0.85E-03     220    41   113   164    10    50
> 3u4eG                      1  242861    6650     108     470   60.00    0.21E-06     221    55    93   164     9    63
> 3u4eJ                      1  242862    6950     109     470   60.71    0.43E-07     222    56    93   164     8    63
> 5u6eA                      1  243585   67400     340     470   78.24     0.0         223   340    11   451     1   340
> 5u6eB                      1  243586   67400     340     470   78.24     0.0         224   340    11   451     1   340
> 3u7yG                      1  243677   66300     340     470   77.35     0.0         225   340    11   451     1   340
> 5utfG                      1  249999   90600     439     470   77.98     0.0         226   435     1   462     4   439
> 5utyG                      1  250010   92250     449     470   77.80     0.0         227   445     1   464     4   449
> 4xmpG                      1  278612   68000     337     470   81.01     0.0         228   337    12   451     1   337
> 4xnyG                      1  278892   67750     334     470   81.74     0.0         229   334    12   451     1   334
> 4xnzG                      1  278895   66950     340     470   78.82     0.0         230   340    11   451     1   340
> 4xnzA                      1  278898   66000     341     470   76.83     0.0         231   340    14   451     1   341
> 4xnzD                      1  278901   65450     330     470   78.48     0.0         232   330    11   451     1   330
> 4xvsG                      1  280746   75450     342     470   88.89     0.0         233   341    11   451     1   342
> 4xvtG                      1  280749   67150     341     470   78.01     0.0         234   341    11   451     1   341
> 4yblG                      1  285599   21600     126     470   86.11     0.0         235   108    17   218     1   108
> 4yblA                      1  285602   22100     129     470   85.59     0.0         236   111    12   218     1   111
> 4yc2G                      1  285878   24000     133     470   83.76     0.0         237   117    12   219     1   117
> 4yc2A                      1  285881   23150     131     470   84.35     0.0         238   115    12   219     1   115
> 4ydiG                      1  286051   66000     343     470   76.68     0.0         239   343    11   450     1   343
> 4ydjG                      1  286054   54800     298     470   76.85     0.0         240   298    11   450     1   298
> 4ydjI                      1  286057   53450     292     470   77.40     0.0         241   292    11   451     1   292
> 4ydkG                      1  286060   66400     341     470   77.71     0.0         242   341    11   450     1   341
> 4ydlG                      1  286063   67250     344     470   77.33     0.0         243   344    11   451     1   344
> 4ydlA                      1  286066   67250     343     470   77.55     0.0         244   343    11   451     1   343
> 4ye4G                      1  286347   74300     334     470   91.02     0.0         245   332    13   450     1   334
> 4yflG                      1  286622   67650     347     470   76.95     0.0         246   345    11   451     1   347
> 4yflE                      1  286625   67650     347     470   76.95     0.0         247   345    11   451     1   347
> 4ywgG                      1  290517    7200     103     470   57.41    0.11E-07     248    54    93   164     9    62
> 4ywgQ                      1  290520    6400      94     470   68.00    0.68E-06     249    50    93   164     7    56
> 1yylG                      1  290826   64150     301     470   88.04     0.0         250   300    50   451     1   301
> 1yylP                      1  290829   64150     301     470   88.04     0.0         251   300    50   451     1   301
> 1yymG                      1  290832   64150     301     470   88.04     0.0         252   300    50   451     1   301
> 1yymP                      1  290835   64000     299     470   88.63     0.0         253   298    50   451     1   299
> 4zmjG                      1  297524   95000     450     470   78.44     0.0         254   449     1   464     1   450

profile_iteration__> Weight Matrix           [sec]:     0.020000
profile_iteration__> Score Collection        [sec]:   400.149994
profile_iteration__> Score Collection/Seq    [sec]:     0.001326
profile_iteration__> DP Steps per sec    [ali/sec]:   754.875366
profile_iteration__> Statistics              [sec]:     0.420000
profile_iteration__> Add to profile          [sec]:     0.920000
profile_iteration__> Overall performance    [/seq]:     0.001331
profile_iteration__> Overall performance [seq/sec]:   751.211975
openf___224_> Open           build_profile.prf

Dynamically allocated memory at   amaxalignment [B,KiB,MiB]:      3404535    3324.741     3.247

Dynamically allocated memory at    amaxsequence [B,KiB,MiB]:      3406411    3326.573     3.249

Dynamically allocated memory at    amaxsequence [B,KiB,MiB]:      3407763    3327.894     3.250

Dynamically allocated memory at    amaxsequence [B,KiB,MiB]:      3408919    3329.022     3.251

Dynamically allocated memory at    amaxsequence [B,KiB,MiB]:      3410695    3330.757     3.253

Dynamically allocated memory at    amaxsequence [B,KiB,MiB]:      3411883    3331.917     3.254

Dynamically allocated memory at    amaxsequence [B,KiB,MiB]:      3413251    3333.253     3.255

Dynamically allocated memory at    amaxsequence [B,KiB,MiB]:      3413387    3333.386     3.255

Dynamically allocated memory at    amaxsequence [B,KiB,MiB]:      3415175    3335.132     3.257

Dynamically allocated memory at    amaxsequence [B,KiB,MiB]:      3416755    3336.675     3.258

Dynamically allocated memory at    amaxsequence [B,KiB,MiB]:      3418363    3338.245     3.260

Dynamically allocated memory at    amaxsequence [B,KiB,MiB]:      3419939    3339.784     3.262

Dynamically allocated memory at    amaxsequence [B,KiB,MiB]:      3421715    3341.519     3.263

Dynamically allocated memory at    amaxsequence [B,KiB,MiB]:      3423491    3343.253     3.265

Dynamically allocated memory at    amaxsequence [B,KiB,MiB]:      3425267    3344.987     3.267

Dynamically allocated memory at    amaxsequence [B,KiB,MiB]:      3426619    3346.308     3.268

Dynamically allocated memory at    amaxsequence [B,KiB,MiB]:      3427971    3347.628     3.269

Dynamically allocated memory at    amaxsequence [B,KiB,MiB]:      3429323    3348.948     3.270

Dynamically allocated memory at    amaxsequence [B,KiB,MiB]:      3430675    3350.269     3.272

Dynamically allocated memory at    amaxsequence [B,KiB,MiB]:      3432027    3351.589     3.273

Dynamically allocated memory at    amaxsequence [B,KiB,MiB]:      3433379    3352.909     3.274

Dynamically allocated memory at    amaxsequence [B,KiB,MiB]:      3434731    3354.229     3.276

Dynamically allocated memory at    amaxsequence [B,KiB,MiB]:      3436083    3355.550     3.277

Dynamically allocated memory at    amaxsequence [B,KiB,MiB]:      3437435    3356.870     3.278

Dynamically allocated memory at    amaxsequence [B,KiB,MiB]:      3438787    3358.190     3.279

Dynamically allocated memory at    amaxsequence [B,KiB,MiB]:      3440139    3359.511     3.281

Dynamically allocated memory at    amaxsequence [B,KiB,MiB]:      3440295    3359.663     3.281

Dynamically allocated memory at    amaxsequence [B,KiB,MiB]:      3441439    3360.780     3.282

Dynamically allocated memory at    amaxsequence [B,KiB,MiB]:      3442791    3362.101     3.283

Dynamically allocated memory at    amaxsequence [B,KiB,MiB]:      3444143    3363.421     3.285

Dynamically allocated memory at    amaxsequence [B,KiB,MiB]:      3445495    3364.741     3.286

Dynamically allocated memory at    amaxsequence [B,KiB,MiB]:      3446847    3366.062     3.287

Dynamically allocated memory at    amaxsequence [B,KiB,MiB]:      3448199    3367.382     3.288

Dynamically allocated memory at    amaxsequence [B,KiB,MiB]:      3449551    3368.702     3.290

Dynamically allocated memory at    amaxsequence [B,KiB,MiB]:      3450903    3370.022     3.291

Dynamically allocated memory at    amaxsequence [B,KiB,MiB]:      3452255    3371.343     3.292

Dynamically allocated memory at    amaxsequence [B,KiB,MiB]:      3453607    3372.663     3.294

Dynamically allocated memory at    amaxsequence [B,KiB,MiB]:      3454959    3373.983     3.295

Dynamically allocated memory at    amaxsequence [B,KiB,MiB]:      3455191    3374.210     3.295

Dynamically allocated memory at    amaxsequence [B,KiB,MiB]:      3455439    3374.452     3.295

Dynamically allocated memory at    amaxsequence [B,KiB,MiB]:      3455675    3374.683     3.296

Dynamically allocated memory at    amaxsequence [B,KiB,MiB]:      3455847    3374.851     3.296

Dynamically allocated memory at    amaxsequence [B,KiB,MiB]:      3456059    3375.058     3.296

Dynamically allocated memory at    amaxsequence [B,KiB,MiB]:      3457391    3376.358     3.297

Dynamically allocated memory at    amaxsequence [B,KiB,MiB]:      3458719    3377.655     3.298

Dynamically allocated memory at    amaxsequence [B,KiB,MiB]:      3460047    3378.952     3.300

Dynamically allocated memory at    amaxsequence [B,KiB,MiB]:      3461375    3380.249     3.301

Dynamically allocated memory at    amaxsequence [B,KiB,MiB]:      3462703    3381.546     3.302

Dynamically allocated memory at    amaxsequence [B,KiB,MiB]:      3464031    3382.843     3.304

Dynamically allocated memory at    amaxsequence [B,KiB,MiB]:      3465359    3384.140     3.305

Dynamically allocated memory at    amaxsequence [B,KiB,MiB]:      3466691    3385.440     3.306

Dynamically allocated memory at    amaxsequence [B,KiB,MiB]:      3468031    3386.749     3.307

Dynamically allocated memory at    amaxsequence [B,KiB,MiB]:      3469371    3388.058     3.309

Dynamically allocated memory at    amaxsequence [B,KiB,MiB]:      3470723    3389.378     3.310

Dynamically allocated memory at    amaxsequence [B,KiB,MiB]:      3472083    3390.706     3.311

Dynamically allocated memory at    amaxsequence [B,KiB,MiB]:      3473447    3392.038     3.313

Dynamically allocated memory at    amaxsequence [B,KiB,MiB]:      3474815    3393.374     3.314

Dynamically allocated memory at    amaxsequence [B,KiB,MiB]:      3476155    3394.683     3.315

Dynamically allocated memory at    amaxsequence [B,KiB,MiB]:      3477495    3395.991     3.316

Dynamically allocated memory at    amaxsequence [B,KiB,MiB]:      3477859    3396.347     3.317

Dynamically allocated memory at    amaxsequence [B,KiB,MiB]:      3479207    3397.663     3.318

Dynamically allocated memory at    amaxsequence [B,KiB,MiB]:      3480551    3398.976     3.319

Dynamically allocated memory at    amaxsequence [B,KiB,MiB]:      3481899    3400.292     3.321

Dynamically allocated memory at    amaxsequence [B,KiB,MiB]:      3483211    3401.573     3.322

Dynamically allocated memory at    amaxsequence [B,KiB,MiB]:      3484367    3402.702     3.323

Dynamically allocated memory at    amaxsequence [B,KiB,MiB]:      3486155    3404.448     3.325

Dynamically allocated memory at    amaxsequence [B,KiB,MiB]:      3488011    3406.261     3.326

Dynamically allocated memory at    amaxsequence [B,KiB,MiB]:      3489803    3408.011     3.328

Dynamically allocated memory at    amaxsequence [B,KiB,MiB]:      3491015    3409.194     3.329

Dynamically allocated memory at    amaxsequence [B,KiB,MiB]:      3492231    3410.382     3.330

Dynamically allocated memory at    amaxsequence [B,KiB,MiB]:      3493411    3411.534     3.332

Dynamically allocated memory at    amaxsequence [B,KiB,MiB]:      3494755    3412.847     3.333

Dynamically allocated memory at    amaxsequence [B,KiB,MiB]:      3495903    3413.968     3.334

Dynamically allocated memory at    amaxsequence [B,KiB,MiB]:      3497051    3415.089     3.335

Dynamically allocated memory at    amaxsequence [B,KiB,MiB]:      3497799    3415.819     3.336

Dynamically allocated memory at    amaxsequence [B,KiB,MiB]:      3498515    3416.519     3.336

Dynamically allocated memory at    amaxsequence [B,KiB,MiB]:      3499711    3417.687     3.338

Dynamically allocated memory at    amaxsequence [B,KiB,MiB]:      3500899    3418.847     3.339

Dynamically allocated memory at    amaxsequence [B,KiB,MiB]:      3502231    3420.147     3.340

Dynamically allocated memory at    amaxsequence [B,KiB,MiB]:      3503559    3421.444     3.341

Dynamically allocated memory at    amaxsequence [B,KiB,MiB]:      3504911    3422.765     3.343

Dynamically allocated memory at    amaxsequence [B,KiB,MiB]:      3506263    3424.085     3.344

Dynamically allocated memory at    amaxsequence [B,KiB,MiB]:      3507459    3425.253     3.345

Dynamically allocated memory at    amaxsequence [B,KiB,MiB]:      3508647    3426.413     3.346

Dynamically allocated memory at    amaxsequence [B,KiB,MiB]:      3510443    3428.167     3.348

Dynamically allocated memory at    amaxsequence [B,KiB,MiB]:      3512223    3429.905     3.350

Dynamically allocated memory at    amaxsequence [B,KiB,MiB]:      3513579    3431.229     3.351

Dynamically allocated memory at    amaxsequence [B,KiB,MiB]:      3514931    3432.550     3.352

Dynamically allocated memory at    amaxsequence [B,KiB,MiB]:      3516147    3433.737     3.353

Dynamically allocated memory at    amaxsequence [B,KiB,MiB]:      3517363    3434.925     3.354

Dynamically allocated memory at    amaxsequence [B,KiB,MiB]:      3518567    3436.101     3.356

Dynamically allocated memory at    amaxsequence [B,KiB,MiB]:      3518999    3436.522     3.356

Dynamically allocated memory at    amaxsequence [B,KiB,MiB]:      3519443    3436.956     3.356

Dynamically allocated memory at    amaxsequence [B,KiB,MiB]:      3519887    3437.390     3.357

Dynamically allocated memory at    amaxsequence [B,KiB,MiB]:      3520331    3437.823     3.357

Dynamically allocated memory at    amaxsequence [B,KiB,MiB]:      3521663    3439.124     3.359

Dynamically allocated memory at    amaxsequence [B,KiB,MiB]:      3523031    3440.460     3.360

Dynamically allocated memory at    amaxsequence [B,KiB,MiB]:      3523667    3441.081     3.360

Dynamically allocated memory at    amaxsequence [B,KiB,MiB]:      3524287    3441.687     3.361

Dynamically allocated memory at    amaxsequence [B,KiB,MiB]:      3525659    3443.026     3.362

Dynamically allocated memory at    amaxsequence [B,KiB,MiB]:      3526999    3444.335     3.364

Dynamically allocated memory at    amaxsequence [B,KiB,MiB]:      3528355    3445.659     3.365

Dynamically allocated memory at    amaxsequence [B,KiB,MiB]:      3529611    3446.886     3.366

Dynamically allocated memory at    amaxsequence [B,KiB,MiB]:      3530055    3447.319     3.367

Dynamically allocated memory at    amaxsequence [B,KiB,MiB]:      3530503    3447.757     3.367

Dynamically allocated memory at    amaxsequence [B,KiB,MiB]:      3530995    3448.237     3.367

Dynamically allocated memory at    amaxsequence [B,KiB,MiB]:      3531447    3448.679     3.368

Dynamically allocated memory at    amaxsequence [B,KiB,MiB]:      3531891    3449.112     3.368

Dynamically allocated memory at    amaxsequence [B,KiB,MiB]:      3533255    3450.444     3.370

Dynamically allocated memory at    amaxsequence [B,KiB,MiB]:      3534631    3451.788     3.371

Dynamically allocated memory at    amaxsequence [B,KiB,MiB]:      3536407    3453.522     3.373

Dynamically allocated memory at    amaxsequence [B,KiB,MiB]:      3538183    3455.257     3.374

Dynamically allocated memory at    amaxsequence [B,KiB,MiB]:      3539603    3456.644     3.376

Dynamically allocated memory at    amaxsequence [B,KiB,MiB]:      3540999    3458.007     3.377

Dynamically allocated memory at    amaxsequence [B,KiB,MiB]:      3542403    3459.378     3.378

Dynamically allocated memory at    amaxsequence [B,KiB,MiB]:      3543739    3460.683     3.380

Dynamically allocated memory at    amaxsequence [B,KiB,MiB]:      3545087    3461.999     3.381

Dynamically allocated memory at    amaxsequence [B,KiB,MiB]:      3546423    3463.304     3.382

Dynamically allocated memory at    amaxsequence [B,KiB,MiB]:      3547763    3464.612     3.383

Dynamically allocated memory at    amaxsequence [B,KiB,MiB]:      3549103    3465.921     3.385

Dynamically allocated memory at    amaxsequence [B,KiB,MiB]:      3550427    3467.214     3.386

Dynamically allocated memory at    amaxsequence [B,KiB,MiB]:      3550935    3467.710     3.386

Dynamically allocated memory at    amaxsequence [B,KiB,MiB]:      3551443    3468.206     3.387

Dynamically allocated memory at    amaxsequence [B,KiB,MiB]:      3551887    3468.640     3.387

Dynamically allocated memory at    amaxsequence [B,KiB,MiB]:      3553227    3469.948     3.389

Dynamically allocated memory at    amaxsequence [B,KiB,MiB]:      3554555    3471.245     3.390

Dynamically allocated memory at    amaxsequence [B,KiB,MiB]:      3555919    3472.577     3.391

Dynamically allocated memory at    amaxsequence [B,KiB,MiB]:      3557275    3473.901     3.392

Dynamically allocated memory at    amaxsequence [B,KiB,MiB]:      3558419    3475.019     3.394

Dynamically allocated memory at    amaxsequence [B,KiB,MiB]:      3559791    3476.358     3.395

Dynamically allocated memory at    amaxsequence [B,KiB,MiB]:      3561155    3477.690     3.396

Dynamically allocated memory at    amaxsequence [B,KiB,MiB]:      3562491    3478.995     3.397

Dynamically allocated memory at    amaxsequence [B,KiB,MiB]:      3563843    3480.315     3.399

Dynamically allocated memory at    amaxsequence [B,KiB,MiB]:      3565215    3481.655     3.400

Dynamically allocated memory at    amaxsequence [B,KiB,MiB]:      3566579    3482.987     3.401

Dynamically allocated memory at    amaxsequence [B,KiB,MiB]:      3567955    3484.331     3.403

Dynamically allocated memory at    amaxsequence [B,KiB,MiB]:      3569627    3485.964     3.404

Dynamically allocated memory at    amaxsequence [B,KiB,MiB]:      3571299    3487.597     3.406

Dynamically allocated memory at    amaxsequence [B,KiB,MiB]:      3572971    3489.229     3.407

Dynamically allocated memory at    amaxsequence [B,KiB,MiB]:      3574347    3490.573     3.409

Dynamically allocated memory at    amaxsequence [B,KiB,MiB]:      3575731    3491.925     3.410

Dynamically allocated memory at    amaxsequence [B,KiB,MiB]:      3577119    3493.280     3.411

Dynamically allocated memory at    amaxsequence [B,KiB,MiB]:      3578503    3494.632     3.413

Dynamically allocated memory at    amaxsequence [B,KiB,MiB]:      3579711    3495.812     3.414

Dynamically allocated memory at    amaxsequence [B,KiB,MiB]:      3580927    3496.999     3.415

Dynamically allocated memory at    amaxsequence [B,KiB,MiB]:      3582143    3498.187     3.416

Dynamically allocated memory at    amaxsequence [B,KiB,MiB]:      3583355    3499.370     3.417

Dynamically allocated memory at    amaxsequence [B,KiB,MiB]:      3584563    3500.550     3.419

Dynamically allocated memory at    amaxsequence [B,KiB,MiB]:      3585775    3501.733     3.420

Dynamically allocated memory at    amaxsequence [B,KiB,MiB]:      3586991    3502.921     3.421

Dynamically allocated memory at    amaxsequence [B,KiB,MiB]:      3588199    3504.101     3.422

Dynamically allocated memory at    amaxsequence [B,KiB,MiB]:      3589407    3505.280     3.423

Dynamically allocated memory at    amaxsequence [B,KiB,MiB]:      3590559    3506.405     3.424

Dynamically allocated memory at    amaxsequence [B,KiB,MiB]:      3591923    3507.737     3.426

Dynamically allocated memory at    amaxsequence [B,KiB,MiB]:      3593287    3509.069     3.427

Dynamically allocated memory at    amaxsequence [B,KiB,MiB]:      3594651    3510.401     3.428

Dynamically allocated memory at    amaxsequence [B,KiB,MiB]:      3596015    3511.733     3.429

Dynamically allocated memory at    amaxsequence [B,KiB,MiB]:      3597379    3513.065     3.431

Dynamically allocated memory at    amaxsequence [B,KiB,MiB]:      3598743    3514.397     3.432

Dynamically allocated memory at    amaxsequence [B,KiB,MiB]:      3600107    3515.729     3.433

Dynamically allocated memory at    amaxsequence [B,KiB,MiB]:      3601479    3517.069     3.435

Dynamically allocated memory at    amaxsequence [B,KiB,MiB]:      3602827    3518.386     3.436

Dynamically allocated memory at    amaxsequence [B,KiB,MiB]:      3604095    3519.624     3.437

Dynamically allocated memory at    amaxsequence [B,KiB,MiB]:      3605335    3520.835     3.438

Dynamically allocated memory at    amaxsequence [B,KiB,MiB]:      3606535    3522.007     3.439

Dynamically allocated memory at    amaxsequence [B,KiB,MiB]:      3607735    3523.179     3.441

Dynamically allocated memory at    amaxsequence [B,KiB,MiB]:      3608931    3524.347     3.442

Dynamically allocated memory at    amaxsequence [B,KiB,MiB]:      3610131    3525.519     3.443

Dynamically allocated memory at    amaxsequence [B,KiB,MiB]:      3611483    3526.839     3.444

Dynamically allocated memory at    amaxsequence [B,KiB,MiB]:      3612819    3528.144     3.445

Dynamically allocated memory at    amaxsequence [B,KiB,MiB]:      3614143    3529.437     3.447

Dynamically allocated memory at    amaxsequence [B,KiB,MiB]:      3615507    3530.769     3.448

Dynamically allocated memory at    amaxsequence [B,KiB,MiB]:      3616867    3532.097     3.449

Dynamically allocated memory at    amaxsequence [B,KiB,MiB]:      3618175    3533.374     3.451

Dynamically allocated memory at    amaxsequence [B,KiB,MiB]:      3619523    3534.690     3.452

Dynamically allocated memory at    amaxsequence [B,KiB,MiB]:      3620867    3536.003     3.453

Dynamically allocated memory at    amaxsequence [B,KiB,MiB]:      3622215    3537.319     3.454

Dynamically allocated memory at    amaxsequence [B,KiB,MiB]:      3623559    3538.632     3.456

Dynamically allocated memory at    amaxsequence [B,KiB,MiB]:      3624903    3539.944     3.457

Dynamically allocated memory at    amaxsequence [B,KiB,MiB]:      3626247    3541.257     3.458

Dynamically allocated memory at    amaxsequence [B,KiB,MiB]:      3627587    3542.565     3.460

Dynamically allocated memory at    amaxsequence [B,KiB,MiB]:      3628751    3543.702     3.461

Dynamically allocated memory at    amaxsequence [B,KiB,MiB]:      3629923    3544.847     3.462

Dynamically allocated memory at    amaxsequence [B,KiB,MiB]:      3631263    3546.155     3.463

Dynamically allocated memory at    amaxsequence [B,KiB,MiB]:      3632559    3547.421     3.464

Dynamically allocated memory at    amaxsequence [B,KiB,MiB]:      3633835    3548.667     3.465

Dynamically allocated memory at    amaxsequence [B,KiB,MiB]:      3635047    3549.851     3.467

Dynamically allocated memory at    amaxsequence [B,KiB,MiB]:      3636263    3551.038     3.468

Dynamically allocated memory at    amaxsequence [B,KiB,MiB]:      3637615    3552.358     3.469

Dynamically allocated memory at    amaxsequence [B,KiB,MiB]:      3638947    3553.659     3.470

Dynamically allocated memory at    amaxsequence [B,KiB,MiB]:      3640299    3554.979     3.472

Dynamically allocated memory at    amaxsequence [B,KiB,MiB]:      3641651    3556.300     3.473

Dynamically allocated memory at    amaxsequence [B,KiB,MiB]:      3643023    3557.640     3.474

Dynamically allocated memory at    amaxsequence [B,KiB,MiB]:      3644387    3558.972     3.476

Dynamically allocated memory at    amaxsequence [B,KiB,MiB]:      3645751    3560.304     3.477

Dynamically allocated memory at    amaxsequence [B,KiB,MiB]:      3647123    3561.644     3.478

Dynamically allocated memory at    amaxsequence [B,KiB,MiB]:      3648495    3562.983     3.479

Dynamically allocated memory at    amaxsequence [B,KiB,MiB]:      3649767    3564.226     3.481

Dynamically allocated memory at    amaxsequence [B,KiB,MiB]:      3651519    3565.937     3.482

Dynamically allocated memory at    amaxsequence [B,KiB,MiB]:      3653303    3567.679     3.484

Dynamically allocated memory at    amaxsequence [B,KiB,MiB]:      3655083    3569.417     3.486

Dynamically allocated memory at    amaxsequence [B,KiB,MiB]:      3656443    3570.745     3.487

Dynamically allocated memory at    amaxsequence [B,KiB,MiB]:      3657783    3572.054     3.488

Dynamically allocated memory at    amaxsequence [B,KiB,MiB]:      3659111    3573.351     3.490

Dynamically allocated memory at    amaxsequence [B,KiB,MiB]:      3660447    3574.655     3.491

Dynamically allocated memory at    amaxsequence [B,KiB,MiB]:      3661783    3575.960     3.492

Dynamically allocated memory at    amaxsequence [B,KiB,MiB]:      3663119    3577.265     3.493

Dynamically allocated memory at    amaxsequence [B,KiB,MiB]:      3664455    3578.569     3.495

Dynamically allocated memory at    amaxsequence [B,KiB,MiB]:      3665831    3579.913     3.496

Dynamically allocated memory at    amaxsequence [B,KiB,MiB]:      3667207    3581.257     3.497

Dynamically allocated memory at    amaxsequence [B,KiB,MiB]:      3668579    3582.597     3.499

Dynamically allocated memory at    amaxsequence [B,KiB,MiB]:      3669951    3583.937     3.500

Dynamically allocated memory at    amaxsequence [B,KiB,MiB]:      3671315    3585.269     3.501

Dynamically allocated memory at    amaxsequence [B,KiB,MiB]:      3672615    3586.538     3.502

Dynamically allocated memory at    amaxsequence [B,KiB,MiB]:      3673915    3587.808     3.504

Dynamically allocated memory at    amaxsequence [B,KiB,MiB]:      3675215    3589.077     3.505

Dynamically allocated memory at    amaxsequence [B,KiB,MiB]:      3676515    3590.347     3.506

Dynamically allocated memory at    amaxsequence [B,KiB,MiB]:      3678307    3592.097     3.508

Dynamically allocated memory at    amaxsequence [B,KiB,MiB]:      3678811    3592.589     3.508

Dynamically allocated memory at    amaxsequence [B,KiB,MiB]:      3678971    3592.745     3.509

Dynamically allocated memory at    amaxsequence [B,KiB,MiB]:      3679131    3592.901     3.509

Dynamically allocated memory at    amaxsequence [B,KiB,MiB]:      3679347    3593.112     3.509

Dynamically allocated memory at    amaxsequence [B,KiB,MiB]:      3679567    3593.327     3.509

Dynamically allocated memory at    amaxsequence [B,KiB,MiB]:      3680923    3594.651     3.510

Dynamically allocated memory at    amaxsequence [B,KiB,MiB]:      3682279    3595.976     3.512

Dynamically allocated memory at    amaxsequence [B,KiB,MiB]:      3683635    3597.300     3.513

Dynamically allocated memory at    amaxsequence [B,KiB,MiB]:      3685371    3598.995     3.515

Dynamically allocated memory at    amaxsequence [B,KiB,MiB]:      3687147    3600.729     3.516

Dynamically allocated memory at    amaxsequence [B,KiB,MiB]:      3688491    3602.042     3.518

Dynamically allocated memory at    amaxsequence [B,KiB,MiB]:      3689823    3603.343     3.519

Dynamically allocated memory at    amaxsequence [B,KiB,MiB]:      3691179    3604.667     3.520

Dynamically allocated memory at    amaxsequence [B,KiB,MiB]:      3692535    3605.991     3.521

Dynamically allocated memory at    amaxsequence [B,KiB,MiB]:      3693851    3607.276     3.523

Dynamically allocated memory at    amaxsequence [B,KiB,MiB]:      3695211    3608.604     3.524

Dynamically allocated memory at    amaxsequence [B,KiB,MiB]:      3696571    3609.933     3.525

Dynamically allocated memory at    amaxsequence [B,KiB,MiB]:      3696999    3610.351     3.526

Dynamically allocated memory at    amaxsequence [B,KiB,MiB]:      3697439    3610.780     3.526

Dynamically allocated memory at    amaxsequence [B,KiB,MiB]:      3697903    3611.233     3.527

Dynamically allocated memory at    amaxsequence [B,KiB,MiB]:      3698359    3611.679     3.527

Dynamically allocated memory at    amaxsequence [B,KiB,MiB]:      3699727    3613.015     3.528

Dynamically allocated memory at    amaxsequence [B,KiB,MiB]:      3700915    3614.175     3.529

Dynamically allocated memory at    amaxsequence [B,KiB,MiB]:      3702079    3615.312     3.531

Dynamically allocated memory at    amaxsequence [B,KiB,MiB]:      3703439    3616.640     3.532

Dynamically allocated memory at    amaxsequence [B,KiB,MiB]:      3704811    3617.979     3.533

Dynamically allocated memory at    amaxsequence [B,KiB,MiB]:      3706179    3619.315     3.534

Dynamically allocated memory at    amaxsequence [B,KiB,MiB]:      3707503    3620.608     3.536

Dynamically allocated memory at    amaxsequence [B,KiB,MiB]:      3708879    3621.952     3.537

Dynamically allocated memory at    amaxsequence [B,KiB,MiB]:      3710255    3623.296     3.538

Dynamically allocated memory at    amaxsequence [B,KiB,MiB]:      3710467    3623.503     3.539

Dynamically allocated memory at    amaxsequence [B,KiB,MiB]:      3710663    3623.694     3.539

Dynamically allocated memory at    amaxsequence [B,KiB,MiB]:      3711859    3624.862     3.540

Dynamically allocated memory at    amaxsequence [B,KiB,MiB]:      3713055    3626.030     3.541

Dynamically allocated memory at    amaxsequence [B,KiB,MiB]:      3714251    3627.198     3.542

Dynamically allocated memory at    amaxsequence [B,KiB,MiB]:      3715439    3628.358     3.543

Dynamically allocated memory at    amaxsequence [B,KiB,MiB]:      3717231    3630.108     3.545
openf___224_> Open           build_profile.ali

Dynamically allocated memory at          finish [B,KiB,MiB]:      3691603    3605.081     3.521
Starting time                                            : 2018/01/02 16:18:11
Closing time                                             : 2018/01/02 16:25:40
Total CPU time [seconds]                                 :     448.76
